2025-04-13 12:23:49.803704 - Received SBGOLOB.CBT509.FILE997 from FILE997.XMI 
2025-04-13 12:23:49.804455 - Found $$$#DATE.txt (text/plain) in SBGOLOB.CBT509.FILE997, moved to PDS/$$$#DATE
2025-04-13 12:23:49.804505 - Found $INSTALL.rexx (text/plain) in SBGOLOB.CBT509.FILE997, moved to PDS/$INSTALL
2025-04-13 12:23:49.804543 - Found $README.txt (text/plain) in SBGOLOB.CBT509.FILE997, moved to PDS/$README
2025-04-13 12:23:49.804580 - Found @FILE997.txt (text/plain) in SBGOLOB.CBT509.FILE997, moved to PDS/@FILE997
2025-04-13 12:23:49.805406 - Found EXEC.xmi (application/xmit) in SBGOLOB.CBT509.FILE997, moved to PDS/EXEC.xmi
2025-04-13 12:23:50.174664 - Received LBDYCK.ZIGIROCK.ZIGI.EXEC from EXEC.xmi 
2025-04-13 12:23:50.175950 - Found GITHELP.rexx (text/plain) in LBDYCK.ZIGIROCK.ZIGI.EXEC, moved to EXEC/GITHELP
2025-04-13 12:23:50.175999 - Found SAMPLE.rexx (text/plain) in LBDYCK.ZIGIROCK.ZIGI.EXEC, moved to EXEC/SAMPLE
2025-04-13 12:23:50.176038 - Found SAMPXIT0.rexx (text/plain) in LBDYCK.ZIGIROCK.ZIGI.EXEC, moved to EXEC/SAMPXIT0
2025-04-13 12:23:50.176106 - Found ZG.rexx (text/plain) in LBDYCK.ZIGIROCK.ZIGI.EXEC, moved to EXEC/ZG
2025-04-13 12:23:50.176162 - Found ZGCVTENC.txt (text/plain) in LBDYCK.ZIGIROCK.ZIGI.EXEC, moved to EXEC/ZGCVTENC
2025-04-13 12:23:50.176238 - Found ZGINSTAL.rexx (text/plain) in LBDYCK.ZIGIROCK.ZIGI.EXEC, moved to EXEC/ZGINSTAL
2025-04-13 12:23:50.176411 - Found ZIGI.rexx (text/plain) in LBDYCK.ZIGIROCK.ZIGI.EXEC, moved to EXEC/ZIGI
2025-04-13 12:23:50.176450 - Found ZIGICHG.rexx (text/plain) in LBDYCK.ZIGIROCK.ZIGI.EXEC, moved to EXEC/ZIGICHG
2025-04-13 12:23:50.176503 - Found ZIGICKOT.rexx (text/plain) in LBDYCK.ZIGIROCK.ZIGI.EXEC, moved to EXEC/ZIGICKOT
2025-04-13 12:23:50.176547 - Found ZIGICNVT.rexx (text/plain) in LBDYCK.ZIGIROCK.ZIGI.EXEC, moved to EXEC/ZIGICNVT
2025-04-13 12:23:50.176582 - Found ZIGIEM.rexx (text/plain) in LBDYCK.ZIGIROCK.ZIGI.EXEC, moved to EXEC/ZIGIEM
2025-04-13 12:23:50.176616 - Found ZIGIEME.rexx (text/plain) in LBDYCK.ZIGIROCK.ZIGI.EXEC, moved to EXEC/ZIGIEME
2025-04-13 12:23:50.176652 - Found ZIGIEMMD.rexx (text/plain) in LBDYCK.ZIGIROCK.ZIGI.EXEC, moved to EXEC/ZIGIEMMD
2025-04-13 12:23:50.176687 - Found ZIGIEMS.rexx (text/plain) in LBDYCK.ZIGIROCK.ZIGI.EXEC, moved to EXEC/ZIGIEMS
2025-04-13 12:23:50.176723 - Found ZIGIEXIT.rexx (text/plain) in LBDYCK.ZIGIROCK.ZIGI.EXEC, moved to EXEC/ZIGIEXIT
2025-04-13 12:23:50.176767 - Found ZIGIEXTR.rexx (text/plain) in LBDYCK.ZIGIROCK.ZIGI.EXEC, moved to EXEC/ZIGIEXTR
2025-04-13 12:23:50.176807 - Found ZIGIGCMD.rexx (text/plain) in LBDYCK.ZIGIROCK.ZIGI.EXEC, moved to EXEC/ZIGIGCMD
2025-04-13 12:23:50.176846 - Found ZIGIGENI.rexx (text/plain) in LBDYCK.ZIGIROCK.ZIGI.EXEC, moved to EXEC/ZIGIGENI
2025-04-13 12:23:50.176880 - Found ZIGIMRGM.rexx (text/plain) in LBDYCK.ZIGIROCK.ZIGI.EXEC, moved to EXEC/ZIGIMRGM
2025-04-13 12:23:50.176919 - Found ZIGIOSEL.rexx (text/plain) in LBDYCK.ZIGIROCK.ZIGI.EXEC, moved to EXEC/ZIGIOSEL
2025-04-13 12:23:50.176958 - Found ZIGIRCSI.rexx (text/plain) in LBDYCK.ZIGIROCK.ZIGI.EXEC, moved to EXEC/ZIGIRCSI
2025-04-13 12:23:50.176994 - Found ZIGIREFD.rexx (text/plain) in LBDYCK.ZIGIROCK.ZIGI.EXEC, moved to EXEC/ZIGIREFD
2025-04-13 12:23:50.177040 - Found ZIGISTAT.rexx (text/plain) in LBDYCK.ZIGIROCK.ZIGI.EXEC, moved to EXEC/ZIGISTAT
2025-04-13 12:23:50.177076 - Found ZIGIVMAC.rexx (text/plain) in LBDYCK.ZIGIROCK.ZIGI.EXEC, moved to EXEC/ZIGIVMAC
2025-04-13 12:23:50.177112 - Found ZIGIZMAC.rexx (text/plain) in LBDYCK.ZIGIROCK.ZIGI.EXEC, moved to EXEC/ZIGIZMAC
2025-04-13 12:23:50.177813 - Found GPLLIC.txt (text/plain) in SBGOLOB.CBT509.FILE997, moved to PDS/GPLLIC
2025-04-13 12:23:50.178184 - Found PANELS.xmi (application/xmit) in SBGOLOB.CBT509.FILE997, moved to PDS/PANELS.xmi
2025-04-13 12:23:51.355640 - Received LBDYCK.ZIGIROCK.ZIGI.PANELS from PANELS.xmi 
2025-04-13 12:23:51.364432 - Found $CHANGES.txt (text/plain) in LBDYCK.ZIGIROCK.ZIGI.PANELS, moved to PANELS/$CHANGES
2025-04-13 12:23:51.364504 - Found ZIGIADDE.txt (text/plain) in LBDYCK.ZIGIROCK.ZIGI.PANELS, moved to PANELS/ZIGIADDE
2025-04-13 12:23:51.364554 - Found ZIGIBRA.txt (text/plain) in LBDYCK.ZIGIROCK.ZIGI.PANELS, moved to PANELS/ZIGIBRA
2025-04-13 12:23:51.364604 - Found ZIGIBRDQ.txt (text/plain) in LBDYCK.ZIGIROCK.ZIGI.PANELS, moved to PANELS/ZIGIBRDQ
2025-04-13 12:23:51.364652 - Found ZIGIBROW.txt (text/plain) in LBDYCK.ZIGIROCK.ZIGI.PANELS, moved to PANELS/ZIGIBROW
2025-04-13 12:23:51.364698 - Found ZIGICC.txt (text/plain) in LBDYCK.ZIGIROCK.ZIGI.PANELS, moved to PANELS/ZIGICC
2025-04-13 12:23:51.364748 - Found ZIGICDM.txt (text/plain) in LBDYCK.ZIGIROCK.ZIGI.PANELS, moved to PANELS/ZIGICDM
2025-04-13 12:23:51.364797 - Found ZIGICIMP.txt (text/plain) in LBDYCK.ZIGIROCK.ZIGI.PANELS, moved to PANELS/ZIGICIMP
2025-04-13 12:23:51.364851 - Found ZIGICOM.txt (text/plain) in LBDYCK.ZIGIROCK.ZIGI.PANELS, moved to PANELS/ZIGICOM
2025-04-13 12:23:51.364898 - Found ZIGICOMC.txt (text/plain) in LBDYCK.ZIGIROCK.ZIGI.PANELS, moved to PANELS/ZIGICOMC
2025-04-13 12:23:51.364947 - Found ZIGICOMO.txt (text/plain) in LBDYCK.ZIGIROCK.ZIGI.PANELS, moved to PANELS/ZIGICOMO
2025-04-13 12:23:51.364993 - Found ZIGICOMQ.txt (text/plain) in LBDYCK.ZIGIROCK.ZIGI.PANELS, moved to PANELS/ZIGICOMQ
2025-04-13 12:23:51.365036 - Found ZIGICOMX.txt (text/plain) in LBDYCK.ZIGIROCK.ZIGI.PANELS, moved to PANELS/ZIGICOMX
2025-04-13 12:23:51.365086 - Found ZIGICONR.txt (text/plain) in LBDYCK.ZIGIROCK.ZIGI.PANELS, moved to PANELS/ZIGICONR
2025-04-13 12:23:51.365134 - Found ZIGICRDS.txt (text/plain) in LBDYCK.ZIGIROCK.ZIGI.PANELS, moved to PANELS/ZIGICRDS
2025-04-13 12:23:51.365176 - Found ZIGIDELC.txt (text/plain) in LBDYCK.ZIGIROCK.ZIGI.PANELS, moved to PANELS/ZIGIDELC
2025-04-13 12:23:51.365223 - Found ZIGIDFBR.txt (text/plain) in LBDYCK.ZIGIROCK.ZIGI.PANELS, moved to PANELS/ZIGIDFBR
2025-04-13 12:23:51.365270 - Found ZIGIDFMB.txt (text/plain) in LBDYCK.ZIGIROCK.ZIGI.PANELS, moved to PANELS/ZIGIDFMB
2025-04-13 12:23:51.365310 - Found ZIGIDFMT.txt (text/plain) in LBDYCK.ZIGIROCK.ZIGI.PANELS, moved to PANELS/ZIGIDFMT
2025-04-13 12:23:51.365356 - Found ZIGIDFTB.txt (text/plain) in LBDYCK.ZIGIROCK.ZIGI.PANELS, moved to PANELS/ZIGIDFTB
2025-04-13 12:23:51.365404 - Found ZIGIDIFF.txt (text/plain) in LBDYCK.ZIGIROCK.ZIGI.PANELS, moved to PANELS/ZIGIDIFF
2025-04-13 12:23:51.365445 - Found ZIGIDSNA.txt (text/plain) in LBDYCK.ZIGIROCK.ZIGI.PANELS, moved to PANELS/ZIGIDSNA
2025-04-13 12:23:51.365500 - Found ZIGIDSNB.txt (text/plain) in LBDYCK.ZIGIROCK.ZIGI.PANELS, moved to PANELS/ZIGIDSNB
2025-04-13 12:23:51.365556 - Found ZIGIEDIT.bin (application/octet-stream) in LBDYCK.ZIGIROCK.ZIGI.PANELS, moved to PANELS/ZIGIEDIT
2025-04-13 12:23:51.365605 - Found ZIGIENQK.txt (text/plain) in LBDYCK.ZIGIROCK.ZIGI.PANELS, moved to PANELS/ZIGIENQK
2025-04-13 12:23:51.365686 - Found ZIGIEXTP.txt (text/plain) in LBDYCK.ZIGIROCK.ZIGI.PANELS, moved to PANELS/ZIGIEXTP
2025-04-13 12:23:51.365747 - Found ZIGIEXTQ.txt (text/plain) in LBDYCK.ZIGIROCK.ZIGI.PANELS, moved to PANELS/ZIGIEXTQ
2025-04-13 12:23:51.365794 - Found ZIGIFDBK.txt (text/plain) in LBDYCK.ZIGIROCK.ZIGI.PANELS, moved to PANELS/ZIGIFDBK
2025-04-13 12:23:51.365843 - Found ZIGIFEND.txt (text/plain) in LBDYCK.ZIGIROCK.ZIGI.PANELS, moved to PANELS/ZIGIFEND
2025-04-13 12:23:51.365895 - Found ZIGIFGO.txt (text/plain) in LBDYCK.ZIGIROCK.ZIGI.PANELS, moved to PANELS/ZIGIFGO
2025-04-13 12:23:51.365944 - Found ZIGIFIND.txt (text/plain) in LBDYCK.ZIGIROCK.ZIGI.PANELS, moved to PANELS/ZIGIFIND
2025-04-13 12:23:51.365987 - Found ZIGIFLOW.txt (text/plain) in LBDYCK.ZIGIROCK.ZIGI.PANELS, moved to PANELS/ZIGIFLOW
2025-04-13 12:23:51.366035 - Found ZIGIFSEL.txt (text/plain) in LBDYCK.ZIGIROCK.ZIGI.PANELS, moved to PANELS/ZIGIFSEL
2025-04-13 12:23:51.366083 - Found ZIGIGCMD.txt (text/plain) in LBDYCK.ZIGIROCK.ZIGI.PANELS, moved to PANELS/ZIGIGCMD
2025-04-13 12:23:51.366145 - Found ZIGIGENI.txt (text/plain) in LBDYCK.ZIGIROCK.ZIGI.PANELS, moved to PANELS/ZIGIGENI
2025-04-13 12:23:51.366188 - Found ZIGIGINF.txt (text/plain) in LBDYCK.ZIGIROCK.ZIGI.PANELS, moved to PANELS/ZIGIGINF
2025-04-13 12:23:51.366237 - Found ZIGIGIT.txt (text/plain) in LBDYCK.ZIGIROCK.ZIGI.PANELS, moved to PANELS/ZIGIGIT
2025-04-13 12:23:51.366287 - Found ZIGIGPL.txt (text/plain) in LBDYCK.ZIGIROCK.ZIGI.PANELS, moved to PANELS/ZIGIGPL
2025-04-13 12:23:51.366332 - Found ZIGIGPRM.txt (text/plain) in LBDYCK.ZIGIROCK.ZIGI.PANELS, moved to PANELS/ZIGIGPRM
2025-04-13 12:23:51.366377 - Found ZIGIGRDS.txt (text/plain) in LBDYCK.ZIGIROCK.ZIGI.PANELS, moved to PANELS/ZIGIGRDS
2025-04-13 12:23:51.366425 - Found ZIGIGREP.txt (text/plain) in LBDYCK.ZIGIROCK.ZIGI.PANELS, moved to PANELS/ZIGIGREP
2025-04-13 12:23:51.366469 - Found ZIGIHABT.txt (text/plain) in LBDYCK.ZIGIROCK.ZIGI.PANELS, moved to PANELS/ZIGIHABT
2025-04-13 12:23:51.366513 - Found ZIGIHAU.txt (text/plain) in LBDYCK.ZIGIROCK.ZIGI.PANELS, moved to PANELS/ZIGIHAU
2025-04-13 12:23:51.366560 - Found ZIGIHCDM.txt (text/plain) in LBDYCK.ZIGIROCK.ZIGI.PANELS, moved to PANELS/ZIGIHCDM
2025-04-13 12:23:51.366603 - Found ZIGIHCOZ.txt (text/plain) in LBDYCK.ZIGIROCK.ZIGI.PANELS, moved to PANELS/ZIGIHCOZ
2025-04-13 12:23:51.366647 - Found ZIGIHCRD.txt (text/plain) in LBDYCK.ZIGIROCK.ZIGI.PANELS, moved to PANELS/ZIGIHCRD
2025-04-13 12:23:51.366698 - Found ZIGIHDEL.txt (text/plain) in LBDYCK.ZIGIROCK.ZIGI.PANELS, moved to PANELS/ZIGIHDEL
2025-04-13 12:23:51.366747 - Found ZIGIHENQ.txt (text/plain) in LBDYCK.ZIGIROCK.ZIGI.PANELS, moved to PANELS/ZIGIHENQ
2025-04-13 12:23:51.366789 - Found ZIGIHHST.txt (text/plain) in LBDYCK.ZIGIROCK.ZIGI.PANELS, moved to PANELS/ZIGIHHST
2025-04-13 12:23:51.366838 - Found ZIGIHINT.txt (text/plain) in LBDYCK.ZIGIROCK.ZIGI.PANELS, moved to PANELS/ZIGIHINT
2025-04-13 12:23:51.366893 - Found ZIGIHIST.txt (text/plain) in LBDYCK.ZIGIROCK.ZIGI.PANELS, moved to PANELS/ZIGIHIST
2025-04-13 12:23:51.366936 - Found ZIGIHMSG.txt (text/plain) in LBDYCK.ZIGIROCK.ZIGI.PANELS, moved to PANELS/ZIGIHMSG
2025-04-13 12:23:51.366981 - Found ZIGIHPRM.txt (text/plain) in LBDYCK.ZIGIROCK.ZIGI.PANELS, moved to PANELS/ZIGIHPRM
2025-04-13 12:23:51.367030 - Found ZIGIHRLN.txt (text/plain) in LBDYCK.ZIGIROCK.ZIGI.PANELS, moved to PANELS/ZIGIHRLN
2025-04-13 12:23:51.367072 - Found ZIGIHSNP.txt (text/plain) in LBDYCK.ZIGIROCK.ZIGI.PANELS, moved to PANELS/ZIGIHSNP
2025-04-13 12:23:51.367117 - Found ZIGIHS00.txt (text/plain) in LBDYCK.ZIGIROCK.ZIGI.PANELS, moved to PANELS/ZIGIHS00
2025-04-13 12:23:51.367164 - Found ZIGIH000.txt (text/plain) in LBDYCK.ZIGIROCK.ZIGI.PANELS, moved to PANELS/ZIGIH000
2025-04-13 12:23:51.367208 - Found ZIGIH004.txt (text/plain) in LBDYCK.ZIGIROCK.ZIGI.PANELS, moved to PANELS/ZIGIH004
2025-04-13 12:23:51.367252 - Found ZIGIH005.txt (text/plain) in LBDYCK.ZIGIROCK.ZIGI.PANELS, moved to PANELS/ZIGIH005
2025-04-13 12:23:51.367299 - Found ZIGIH010.txt (text/plain) in LBDYCK.ZIGIROCK.ZIGI.PANELS, moved to PANELS/ZIGIH010
2025-04-13 12:23:51.367342 - Found ZIGIH020.txt (text/plain) in LBDYCK.ZIGIROCK.ZIGI.PANELS, moved to PANELS/ZIGIH020
2025-04-13 12:23:51.367387 - Found ZIGIH021.txt (text/plain) in LBDYCK.ZIGIROCK.ZIGI.PANELS, moved to PANELS/ZIGIH021
2025-04-13 12:23:51.367434 - Found ZIGIH030.txt (text/plain) in LBDYCK.ZIGIROCK.ZIGI.PANELS, moved to PANELS/ZIGIH030
2025-04-13 12:23:51.367480 - Found ZIGIH100.txt (text/plain) in LBDYCK.ZIGIROCK.ZIGI.PANELS, moved to PANELS/ZIGIH100
2025-04-13 12:23:51.367524 - Found ZIGIH101.txt (text/plain) in LBDYCK.ZIGIROCK.ZIGI.PANELS, moved to PANELS/ZIGIH101
2025-04-13 12:23:51.367571 - Found ZIGIH110.txt (text/plain) in LBDYCK.ZIGIROCK.ZIGI.PANELS, moved to PANELS/ZIGIH110
2025-04-13 12:23:51.367616 - Found ZIGIH111.txt (text/plain) in LBDYCK.ZIGIROCK.ZIGI.PANELS, moved to PANELS/ZIGIH111
2025-04-13 12:23:51.367659 - Found ZIGIH120.txt (text/plain) in LBDYCK.ZIGIROCK.ZIGI.PANELS, moved to PANELS/ZIGIH120
2025-04-13 12:23:51.367722 - Found ZIGIH121.txt (text/plain) in LBDYCK.ZIGIROCK.ZIGI.PANELS, moved to PANELS/ZIGIH121
2025-04-13 12:23:51.367772 - Found ZIGIH122.txt (text/plain) in LBDYCK.ZIGIROCK.ZIGI.PANELS, moved to PANELS/ZIGIH122
2025-04-13 12:23:51.367817 - Found ZIGIH125.txt (text/plain) in LBDYCK.ZIGIROCK.ZIGI.PANELS, moved to PANELS/ZIGIH125
2025-04-13 12:23:51.367865 - Found ZIGIH130.txt (text/plain) in LBDYCK.ZIGIROCK.ZIGI.PANELS, moved to PANELS/ZIGIH130
2025-04-13 12:23:51.367915 - Found ZIGIH131.txt (text/plain) in LBDYCK.ZIGIROCK.ZIGI.PANELS, moved to PANELS/ZIGIH131
2025-04-13 12:23:51.367963 - Found ZIGIH14A.txt (text/plain) in LBDYCK.ZIGIROCK.ZIGI.PANELS, moved to PANELS/ZIGIH14A
2025-04-13 12:23:51.368004 - Found ZIGIH140.txt (text/plain) in LBDYCK.ZIGIROCK.ZIGI.PANELS, moved to PANELS/ZIGIH140
2025-04-13 12:23:51.368049 - Found ZIGIH141.txt (text/plain) in LBDYCK.ZIGIROCK.ZIGI.PANELS, moved to PANELS/ZIGIH141
2025-04-13 12:23:51.368096 - Found ZIGIH142.txt (text/plain) in LBDYCK.ZIGIROCK.ZIGI.PANELS, moved to PANELS/ZIGIH142
2025-04-13 12:23:51.368135 - Found ZIGIH143.txt (text/plain) in LBDYCK.ZIGIROCK.ZIGI.PANELS, moved to PANELS/ZIGIH143
2025-04-13 12:23:51.368183 - Found ZIGIH150.txt (text/plain) in LBDYCK.ZIGIROCK.ZIGI.PANELS, moved to PANELS/ZIGIH150
2025-04-13 12:23:51.368229 - Found ZIGIH160.txt (text/plain) in LBDYCK.ZIGIROCK.ZIGI.PANELS, moved to PANELS/ZIGIH160
2025-04-13 12:23:51.368267 - Found ZIGIH161.txt (text/plain) in LBDYCK.ZIGIROCK.ZIGI.PANELS, moved to PANELS/ZIGIH161
2025-04-13 12:23:51.368315 - Found ZIGIH170.txt (text/plain) in LBDYCK.ZIGIROCK.ZIGI.PANELS, moved to PANELS/ZIGIH170
2025-04-13 12:23:51.368362 - Found ZIGIH180.txt (text/plain) in LBDYCK.ZIGIROCK.ZIGI.PANELS, moved to PANELS/ZIGIH180
2025-04-13 12:23:51.368401 - Found ZIGIH190.txt (text/plain) in LBDYCK.ZIGIROCK.ZIGI.PANELS, moved to PANELS/ZIGIH190
2025-04-13 12:23:51.368449 - Found ZIGIH2A0.txt (text/plain) in LBDYCK.ZIGIROCK.ZIGI.PANELS, moved to PANELS/ZIGIH2A0
2025-04-13 12:23:51.368496 - Found ZIGIH2B0.txt (text/plain) in LBDYCK.ZIGIROCK.ZIGI.PANELS, moved to PANELS/ZIGIH2B0
2025-04-13 12:23:51.368535 - Found ZIGIH2C0.txt (text/plain) in LBDYCK.ZIGIROCK.ZIGI.PANELS, moved to PANELS/ZIGIH2C0
2025-04-13 12:23:51.368583 - Found ZIGIH2D0.txt (text/plain) in LBDYCK.ZIGIROCK.ZIGI.PANELS, moved to PANELS/ZIGIH2D0
2025-04-13 12:23:51.368630 - Found ZIGIH2E0.txt (text/plain) in LBDYCK.ZIGIROCK.ZIGI.PANELS, moved to PANELS/ZIGIH2E0
2025-04-13 12:23:51.368672 - Found ZIGIH2F0.txt (text/plain) in LBDYCK.ZIGIROCK.ZIGI.PANELS, moved to PANELS/ZIGIH2F0
2025-04-13 12:23:51.368723 - Found ZIGIH2G0.txt (text/plain) in LBDYCK.ZIGIROCK.ZIGI.PANELS, moved to PANELS/ZIGIH2G0
2025-04-13 12:23:51.368770 - Found ZIGIH2H0.txt (text/plain) in LBDYCK.ZIGIROCK.ZIGI.PANELS, moved to PANELS/ZIGIH2H0
2025-04-13 12:23:51.368811 - Found ZIGIH2I0.txt (text/plain) in LBDYCK.ZIGIROCK.ZIGI.PANELS, moved to PANELS/ZIGIH2I0
2025-04-13 12:23:51.368860 - Found ZIGIH2I1.txt (text/plain) in LBDYCK.ZIGIROCK.ZIGI.PANELS, moved to PANELS/ZIGIH2I1
2025-04-13 12:23:51.368906 - Found ZIGIH2J0.txt (text/plain) in LBDYCK.ZIGIROCK.ZIGI.PANELS, moved to PANELS/ZIGIH2J0
2025-04-13 12:23:51.368943 - Found ZIGIH2J1.txt (text/plain) in LBDYCK.ZIGIROCK.ZIGI.PANELS, moved to PANELS/ZIGIH2J1
2025-04-13 12:23:51.368992 - Found ZIGIH2K0.txt (text/plain) in LBDYCK.ZIGIROCK.ZIGI.PANELS, moved to PANELS/ZIGIH2K0
2025-04-13 12:23:51.369039 - Found ZIGIH2L0.txt (text/plain) in LBDYCK.ZIGIROCK.ZIGI.PANELS, moved to PANELS/ZIGIH2L0
2025-04-13 12:23:51.369082 - Found ZIGIH2L1.txt (text/plain) in LBDYCK.ZIGIROCK.ZIGI.PANELS, moved to PANELS/ZIGIH2L1
2025-04-13 12:23:51.369129 - Found ZIGIH2M0.txt (text/plain) in LBDYCK.ZIGIROCK.ZIGI.PANELS, moved to PANELS/ZIGIH2M0
2025-04-13 12:23:51.369178 - Found ZIGIH200.txt (text/plain) in LBDYCK.ZIGIROCK.ZIGI.PANELS, moved to PANELS/ZIGIH200
2025-04-13 12:23:51.369219 - Found ZIGIH201.txt (text/plain) in LBDYCK.ZIGIROCK.ZIGI.PANELS, moved to PANELS/ZIGIH201
2025-04-13 12:23:51.369267 - Found ZIGIH210.txt (text/plain) in LBDYCK.ZIGIROCK.ZIGI.PANELS, moved to PANELS/ZIGIH210
2025-04-13 12:23:51.369316 - Found ZIGIH211.txt (text/plain) in LBDYCK.ZIGIROCK.ZIGI.PANELS, moved to PANELS/ZIGIH211
2025-04-13 12:23:51.369357 - Found ZIGIH212.txt (text/plain) in LBDYCK.ZIGIROCK.ZIGI.PANELS, moved to PANELS/ZIGIH212
2025-04-13 12:23:51.369403 - Found ZIGIH213.txt (text/plain) in LBDYCK.ZIGIROCK.ZIGI.PANELS, moved to PANELS/ZIGIH213
2025-04-13 12:23:51.369451 - Found ZIGIH214.txt (text/plain) in LBDYCK.ZIGIROCK.ZIGI.PANELS, moved to PANELS/ZIGIH214
2025-04-13 12:23:51.369503 - Found ZIGIH215.txt (text/plain) in LBDYCK.ZIGIROCK.ZIGI.PANELS, moved to PANELS/ZIGIH215
2025-04-13 12:23:51.369551 - Found ZIGIH218.txt (text/plain) in LBDYCK.ZIGIROCK.ZIGI.PANELS, moved to PANELS/ZIGIH218
2025-04-13 12:23:51.369600 - Found ZIGIH220.txt (text/plain) in LBDYCK.ZIGIROCK.ZIGI.PANELS, moved to PANELS/ZIGIH220
2025-04-13 12:23:51.369646 - Found ZIGIH225.txt (text/plain) in LBDYCK.ZIGIROCK.ZIGI.PANELS, moved to PANELS/ZIGIH225
2025-04-13 12:23:51.369688 - Found ZIGIH230.txt (text/plain) in LBDYCK.ZIGIROCK.ZIGI.PANELS, moved to PANELS/ZIGIH230
2025-04-13 12:23:51.369735 - Found ZIGIH231.txt (text/plain) in LBDYCK.ZIGIROCK.ZIGI.PANELS, moved to PANELS/ZIGIH231
2025-04-13 12:23:51.369785 - Found ZIGIH240.txt (text/plain) in LBDYCK.ZIGIROCK.ZIGI.PANELS, moved to PANELS/ZIGIH240
2025-04-13 12:23:51.369827 - Found ZIGIH241.txt (text/plain) in LBDYCK.ZIGIROCK.ZIGI.PANELS, moved to PANELS/ZIGIH241
2025-04-13 12:23:51.369877 - Found ZIGIH250.txt (text/plain) in LBDYCK.ZIGIROCK.ZIGI.PANELS, moved to PANELS/ZIGIH250
2025-04-13 12:23:51.369931 - Found ZIGIH260.txt (text/plain) in LBDYCK.ZIGIROCK.ZIGI.PANELS, moved to PANELS/ZIGIH260
2025-04-13 12:23:51.369973 - Found ZIGIH270.txt (text/plain) in LBDYCK.ZIGIROCK.ZIGI.PANELS, moved to PANELS/ZIGIH270
2025-04-13 12:23:51.370019 - Found ZIGIH271.txt (text/plain) in LBDYCK.ZIGIROCK.ZIGI.PANELS, moved to PANELS/ZIGIH271
2025-04-13 12:23:51.370068 - Found ZIGIH272.txt (text/plain) in LBDYCK.ZIGIROCK.ZIGI.PANELS, moved to PANELS/ZIGIH272
2025-04-13 12:23:51.370107 - Found ZIGIH280.txt (text/plain) in LBDYCK.ZIGIROCK.ZIGI.PANELS, moved to PANELS/ZIGIH280
2025-04-13 12:23:51.370170 - Found ZIGIH290.txt (text/plain) in LBDYCK.ZIGIROCK.ZIGI.PANELS, moved to PANELS/ZIGIH290
2025-04-13 12:23:51.370219 - Found ZIGIH300.txt (text/plain) in LBDYCK.ZIGIROCK.ZIGI.PANELS, moved to PANELS/ZIGIH300
2025-04-13 12:23:51.370267 - Found ZIGIH305.txt (text/plain) in LBDYCK.ZIGIROCK.ZIGI.PANELS, moved to PANELS/ZIGIH305
2025-04-13 12:23:51.370309 - Found ZIGIH310.txt (text/plain) in LBDYCK.ZIGIROCK.ZIGI.PANELS, moved to PANELS/ZIGIH310
2025-04-13 12:23:51.370356 - Found ZIGIH320.txt (text/plain) in LBDYCK.ZIGIROCK.ZIGI.PANELS, moved to PANELS/ZIGIH320
2025-04-13 12:23:51.370405 - Found ZIGIH330.txt (text/plain) in LBDYCK.ZIGIROCK.ZIGI.PANELS, moved to PANELS/ZIGIH330
2025-04-13 12:23:51.370448 - Found ZIGIH340.txt (text/plain) in LBDYCK.ZIGIROCK.ZIGI.PANELS, moved to PANELS/ZIGIH340
2025-04-13 12:23:51.370494 - Found ZIGIH400.txt (text/plain) in LBDYCK.ZIGIROCK.ZIGI.PANELS, moved to PANELS/ZIGIH400
2025-04-13 12:23:51.370542 - Found ZIGIH500.txt (text/plain) in LBDYCK.ZIGIROCK.ZIGI.PANELS, moved to PANELS/ZIGIH500
2025-04-13 12:23:51.370582 - Found ZIGIH600.txt (text/plain) in LBDYCK.ZIGIROCK.ZIGI.PANELS, moved to PANELS/ZIGIH600
2025-04-13 12:23:51.370629 - Found ZIGIH610.txt (text/plain) in LBDYCK.ZIGIROCK.ZIGI.PANELS, moved to PANELS/ZIGIH610
2025-04-13 12:23:51.370676 - Found ZIGIH611.txt (text/plain) in LBDYCK.ZIGIROCK.ZIGI.PANELS, moved to PANELS/ZIGIH611
2025-04-13 12:23:51.370719 - Found ZIGIH620.txt (text/plain) in LBDYCK.ZIGIROCK.ZIGI.PANELS, moved to PANELS/ZIGIH620
2025-04-13 12:23:51.370767 - Found ZIGIH630.txt (text/plain) in LBDYCK.ZIGIROCK.ZIGI.PANELS, moved to PANELS/ZIGIH630
2025-04-13 12:23:51.370816 - Found ZIGIH700.txt (text/plain) in LBDYCK.ZIGIROCK.ZIGI.PANELS, moved to PANELS/ZIGIH700
2025-04-13 12:23:51.370862 - Found ZIGIH705.txt (text/plain) in LBDYCK.ZIGIROCK.ZIGI.PANELS, moved to PANELS/ZIGIH705
2025-04-13 12:23:51.370914 - Found ZIGIH710.txt (text/plain) in LBDYCK.ZIGIROCK.ZIGI.PANELS, moved to PANELS/ZIGIH710
2025-04-13 12:23:51.370962 - Found ZIGIH720.txt (text/plain) in LBDYCK.ZIGIROCK.ZIGI.PANELS, moved to PANELS/ZIGIH720
2025-04-13 12:23:51.371009 - Found ZIGIH730.txt (text/plain) in LBDYCK.ZIGIROCK.ZIGI.PANELS, moved to PANELS/ZIGIH730
2025-04-13 12:23:51.371052 - Found ZIGIH800.txt (text/plain) in LBDYCK.ZIGIROCK.ZIGI.PANELS, moved to PANELS/ZIGIH800
2025-04-13 12:23:51.371095 - Found ZIGIINFO.txt (text/plain) in LBDYCK.ZIGIROCK.ZIGI.PANELS, moved to PANELS/ZIGIINFO
2025-04-13 12:23:51.371142 - Found ZIGIKGEN.txt (text/plain) in LBDYCK.ZIGIROCK.ZIGI.PANELS, moved to PANELS/ZIGIKGEN
2025-04-13 12:23:51.371185 - Found ZIGILIST.txt (text/plain) in LBDYCK.ZIGIROCK.ZIGI.PANELS, moved to PANELS/ZIGILIST
2025-04-13 12:23:51.371229 - Found ZIGILOCQ.txt (text/plain) in LBDYCK.ZIGIROCK.ZIGI.PANELS, moved to PANELS/ZIGILOCQ
2025-04-13 12:23:51.371275 - Found ZIGILOG.txt (text/plain) in LBDYCK.ZIGIROCK.ZIGI.PANELS, moved to PANELS/ZIGILOG
2025-04-13 12:23:51.371321 - Found ZIGILSRT.txt (text/plain) in LBDYCK.ZIGIROCK.ZIGI.PANELS, moved to PANELS/ZIGILSRT
2025-04-13 12:23:51.371363 - Found ZIGIMDIR.txt (text/plain) in LBDYCK.ZIGIROCK.ZIGI.PANELS, moved to PANELS/ZIGIMDIR
2025-04-13 12:23:51.371412 - Found ZIGIMER.txt (text/plain) in LBDYCK.ZIGIROCK.ZIGI.PANELS, moved to PANELS/ZIGIMER
2025-04-13 12:23:51.371460 - Found ZIGIMRDS.txt (text/plain) in LBDYCK.ZIGIROCK.ZIGI.PANELS, moved to PANELS/ZIGIMRDS
2025-04-13 12:23:51.371501 - Found ZIGIMRGQ.txt (text/plain) in LBDYCK.ZIGIROCK.ZIGI.PANELS, moved to PANELS/ZIGIMRGQ
2025-04-13 12:23:51.371550 - Found ZIGINEW.txt (text/plain) in LBDYCK.ZIGIROCK.ZIGI.PANELS, moved to PANELS/ZIGINEW
2025-04-13 12:23:51.371598 - Found ZIGIOLST.txt (text/plain) in LBDYCK.ZIGIROCK.ZIGI.PANELS, moved to PANELS/ZIGIOLST
2025-04-13 12:23:51.371641 - Found ZIGIONLY.txt (text/plain) in LBDYCK.ZIGIROCK.ZIGI.PANELS, moved to PANELS/ZIGIONLY
2025-04-13 12:23:51.371687 - Found ZIGIOPRM.txt (text/plain) in LBDYCK.ZIGIROCK.ZIGI.PANELS, moved to PANELS/ZIGIOPRM
2025-04-13 12:23:51.371738 - Found ZIGIOREP.txt (text/plain) in LBDYCK.ZIGIROCK.ZIGI.PANELS, moved to PANELS/ZIGIOREP
2025-04-13 12:23:51.371782 - Found ZIGIOTAG.txt (text/plain) in LBDYCK.ZIGIROCK.ZIGI.PANELS, moved to PANELS/ZIGIOTAG
2025-04-13 12:23:51.371824 - Found ZIGIOTBL.txt (text/plain) in LBDYCK.ZIGIROCK.ZIGI.PANELS, moved to PANELS/ZIGIOTBL
2025-04-13 12:23:51.371870 - Found ZIGIPERM.txt (text/plain) in LBDYCK.ZIGIROCK.ZIGI.PANELS, moved to PANELS/ZIGIPERM
2025-04-13 12:23:51.371917 - Found ZIGIPOP.txt (text/plain) in LBDYCK.ZIGIROCK.ZIGI.PANELS, moved to PANELS/ZIGIPOP
2025-04-13 12:23:51.371957 - Found ZIGIPOPC.txt (text/plain) in LBDYCK.ZIGIROCK.ZIGI.PANELS, moved to PANELS/ZIGIPOPC
2025-04-13 12:23:51.371992 - Found ZIGIPOPH.txt (text/plain) in LBDYCK.ZIGIROCK.ZIGI.PANELS, moved to PANELS/ZIGIPOPH
2025-04-13 12:23:51.372027 - Found ZIGIPOPN.txt (text/plain) in LBDYCK.ZIGIROCK.ZIGI.PANELS, moved to PANELS/ZIGIPOPN
2025-04-13 12:23:51.372061 - Found ZIGIPOPQ.txt (text/plain) in LBDYCK.ZIGIROCK.ZIGI.PANELS, moved to PANELS/ZIGIPOPQ
2025-04-13 12:23:51.372094 - Found ZIGIPOPR.txt (text/plain) in LBDYCK.ZIGIROCK.ZIGI.PANELS, moved to PANELS/ZIGIPOPR
2025-04-13 12:23:51.372128 - Found ZIGIPOP3.txt (text/plain) in LBDYCK.ZIGIROCK.ZIGI.PANELS, moved to PANELS/ZIGIPOP3
2025-04-13 12:23:51.372161 - Found ZIGIPOP4.txt (text/plain) in LBDYCK.ZIGIROCK.ZIGI.PANELS, moved to PANELS/ZIGIPOP4
2025-04-13 12:23:51.372195 - Found ZIGIPRIM.txt (text/plain) in LBDYCK.ZIGIROCK.ZIGI.PANELS, moved to PANELS/ZIGIPRIM
2025-04-13 12:23:51.372228 - Found ZIGIPSRT.txt (text/plain) in LBDYCK.ZIGIROCK.ZIGI.PANELS, moved to PANELS/ZIGIPSRT
2025-04-13 12:23:51.372269 - Found ZIGIREMO.txt (text/plain) in LBDYCK.ZIGIROCK.ZIGI.PANELS, moved to PANELS/ZIGIREMO
2025-04-13 12:23:51.372306 - Found ZIGIREMQ.txt (text/plain) in LBDYCK.ZIGIROCK.ZIGI.PANELS, moved to PANELS/ZIGIREMQ
2025-04-13 12:23:51.372340 - Found ZIGIRENA.txt (text/plain) in LBDYCK.ZIGIROCK.ZIGI.PANELS, moved to PANELS/ZIGIRENA
2025-04-13 12:23:51.372374 - Found ZIGIRENM.txt (text/plain) in LBDYCK.ZIGIROCK.ZIGI.PANELS, moved to PANELS/ZIGIRENM
2025-04-13 12:23:51.372408 - Found ZIGIRENO.txt (text/plain) in LBDYCK.ZIGIROCK.ZIGI.PANELS, moved to PANELS/ZIGIRENO
2025-04-13 12:23:51.372446 - Found ZIGIREPO.txt (text/plain) in LBDYCK.ZIGIROCK.ZIGI.PANELS, moved to PANELS/ZIGIREPO
2025-04-13 12:23:51.372480 - Found ZIGIRESQ.txt (text/plain) in LBDYCK.ZIGIROCK.ZIGI.PANELS, moved to PANELS/ZIGIRESQ
2025-04-13 12:23:51.372513 - Found ZIGIRGRP.txt (text/plain) in LBDYCK.ZIGIROCK.ZIGI.PANELS, moved to PANELS/ZIGIRGRP
2025-04-13 12:23:51.372547 - Found ZIGIRHST.txt (text/plain) in LBDYCK.ZIGIROCK.ZIGI.PANELS, moved to PANELS/ZIGIRHST
2025-04-13 12:23:51.372581 - Found ZIGIRLST.p (text/x-pascal) in LBDYCK.ZIGIROCK.ZIGI.PANELS, moved to PANELS/ZIGIRLST
2025-04-13 12:23:51.372615 - Found ZIGIRMRG.txt (text/plain) in LBDYCK.ZIGIROCK.ZIGI.PANELS, moved to PANELS/ZIGIRMRG
2025-04-13 12:23:51.372648 - Found ZIGIRMSQ.txt (text/plain) in LBDYCK.ZIGIROCK.ZIGI.PANELS, moved to PANELS/ZIGIRMSQ
2025-04-13 12:23:51.372682 - Found ZIGIRPRM.txt (text/plain) in LBDYCK.ZIGIROCK.ZIGI.PANELS, moved to PANELS/ZIGIRPRM
2025-04-13 12:23:51.372719 - Found ZIGIRREP.txt (text/plain) in LBDYCK.ZIGIROCK.ZIGI.PANELS, moved to PANELS/ZIGIRREP
2025-04-13 12:23:51.372754 - Found ZIGIRSET.txt (text/plain) in LBDYCK.ZIGIROCK.ZIGI.PANELS, moved to PANELS/ZIGIRSET
2025-04-13 12:23:51.372787 - Found ZIGIRSID.txt (text/plain) in LBDYCK.ZIGIROCK.ZIGI.PANELS, moved to PANELS/ZIGIRSID
2025-04-13 12:23:51.372820 - Found ZIGIRSTH.txt (text/plain) in LBDYCK.ZIGIROCK.ZIGI.PANELS, moved to PANELS/ZIGIRSTH
2025-04-13 12:23:51.372854 - Found ZIGIRTAG.txt (text/plain) in LBDYCK.ZIGIROCK.ZIGI.PANELS, moved to PANELS/ZIGIRTAG
2025-04-13 12:23:51.372887 - Found ZIGISEL.txt (text/plain) in LBDYCK.ZIGIROCK.ZIGI.PANELS, moved to PANELS/ZIGISEL
2025-04-13 12:23:51.372931 - Found ZIGISET.txt (text/plain) in LBDYCK.ZIGIROCK.ZIGI.PANELS, moved to PANELS/ZIGISET
2025-04-13 12:23:51.372968 - Found ZIGISKEY.txt (text/plain) in LBDYCK.ZIGIROCK.ZIGI.PANELS, moved to PANELS/ZIGISKEY
2025-04-13 12:23:51.373004 - Found ZIGISKQ.txt (text/plain) in LBDYCK.ZIGIROCK.ZIGI.PANELS, moved to PANELS/ZIGISKQ
2025-04-13 12:23:51.373038 - Found ZIGISKYR.txt (text/plain) in LBDYCK.ZIGIROCK.ZIGI.PANELS, moved to PANELS/ZIGISKYR
2025-04-13 12:23:51.373073 - Found ZIGISNAP.txt (text/plain) in LBDYCK.ZIGIROCK.ZIGI.PANELS, moved to PANELS/ZIGISNAP
2025-04-13 12:23:51.373106 - Found ZIGISNPQ.txt (text/plain) in LBDYCK.ZIGIROCK.ZIGI.PANELS, moved to PANELS/ZIGISNPQ
2025-04-13 12:23:51.373140 - Found ZIGISNPR.txt (text/plain) in LBDYCK.ZIGIROCK.ZIGI.PANELS, moved to PANELS/ZIGISNPR
2025-04-13 12:23:51.373175 - Found ZIGISPBD.txt (text/plain) in LBDYCK.ZIGIROCK.ZIGI.PANELS, moved to PANELS/ZIGISPBD
2025-04-13 12:23:51.373210 - Found ZIGISPLS.txt (text/plain) in LBDYCK.ZIGIROCK.ZIGI.PANELS, moved to PANELS/ZIGISPLS
2025-04-13 12:23:51.373244 - Found ZIGISSHK.txt (text/plain) in LBDYCK.ZIGIROCK.ZIGI.PANELS, moved to PANELS/ZIGISSHK
2025-04-13 12:23:51.373278 - Found ZIGISTAB.txt (text/plain) in LBDYCK.ZIGIROCK.ZIGI.PANELS, moved to PANELS/ZIGISTAB
2025-04-13 12:23:51.373312 - Found ZIGISTAQ.txt (text/plain) in LBDYCK.ZIGIROCK.ZIGI.PANELS, moved to PANELS/ZIGISTAQ
2025-04-13 12:23:51.373346 - Found ZIGISTBQ.txt (text/plain) in LBDYCK.ZIGIROCK.ZIGI.PANELS, moved to PANELS/ZIGISTBQ
2025-04-13 12:23:51.373381 - Found ZIGITAG.txt (text/plain) in LBDYCK.ZIGIROCK.ZIGI.PANELS, moved to PANELS/ZIGITAG
2025-04-13 12:23:51.373415 - Found ZIGITAGQ.txt (text/plain) in LBDYCK.ZIGIROCK.ZIGI.PANELS, moved to PANELS/ZIGITAGQ
2025-04-13 12:23:51.373450 - Found ZIGITAGT.txt (text/plain) in LBDYCK.ZIGIROCK.ZIGI.PANELS, moved to PANELS/ZIGITAGT
2025-04-13 12:23:51.373485 - Found ZIGITAGX.txt (text/plain) in LBDYCK.ZIGIROCK.ZIGI.PANELS, moved to PANELS/ZIGITAGX
2025-04-13 12:23:51.373531 - Found ZIGIVCNV.txt (text/plain) in LBDYCK.ZIGIROCK.ZIGI.PANELS, moved to PANELS/ZIGIVCNV
2025-04-13 12:23:51.373567 - Found ZIGI1ST.txt (text/plain) in LBDYCK.ZIGIROCK.ZIGI.PANELS, moved to PANELS/ZIGI1ST
2025-04-13 12:23:51.376271 - Found RELEASE.txt (text/plain) in SBGOLOB.CBT509.FILE997, moved to PDS/RELEASE
2025-04-13 12:23:51.376348 - Found SAMPLES.xmi (application/xmit) in SBGOLOB.CBT509.FILE997, moved to PDS/SAMPLES.xmi
2025-04-13 12:23:51.406645 - Received LBDYCK.ZIGIROCK.ZIGI.SAMPLES from SAMPLES.xmi 
2025-04-13 12:23:51.407123 - Found SAMPXIT0.rexx (text/plain) in LBDYCK.ZIGIROCK.ZIGI.SAMPLES, moved to SAMPLES/SAMPXIT0
2025-04-13 12:23:51.407183 - Found STARTZIG.rexx (text/plain) in LBDYCK.ZIGIROCK.ZIGI.SAMPLES, moved to SAMPLES/STARTZIG
2025-04-13 12:23:51.407244 - Found ZGBATCH.rexx (text/plain) in LBDYCK.ZIGIROCK.ZIGI.SAMPLES, moved to SAMPLES/ZGBATCH
2025-04-13 12:23:51.407468 - Found STUB.rexx (text/plain) in SBGOLOB.CBT509.FILE997, moved to PDS/STUB
